DEBUG [05-06-2012 22:24:03.364] com.gregtam.scanner.SimpleVulnerabilityScanner - reading from:
DEBUG [05-06-2012 22:24:03.365] com.gregtam.scanner.SimpleVulnerabilityScanner - running through files
DEBUG [05-06-2012 22:24:03.365] com.gregtam.scanner.SimpleVulnerabilityScanner - extracting relationships
DEBUG [05-06-2012 22:24:03.365] com.gregtam.scanner.SimpleVulnerabilityScanner - searching for vulns
DEBUG [05-06-2012 22:24:03.365] com.gregtam.scanner.SimpleVulnerabilityScanner - printing report
DEBUG [05-06-2012 23:07:48.736] com.gregtam.scanner.SimpleVulnerabilityScanner - reading from: /Users/gtam/Documents/development/SimpleVulnScanner/toTest/
DEBUG [05-06-2012 23:07:48.790] com.gregtam.scanner.SimpleVulnerabilityScanner - found 355 files to process
DEBUG [05-06-2012 23:07:48.790] com.gregtam.scanner.SimpleVulnerabilityScanner - bp-activity-actions.php
DEBUG [05-06-2012 23:07:48.791] com.gregtam.scanner.SimpleVulnerabilityScanner - bp-activity-classes.php
DEBUG [05-06-2012 23:07:48.791] com.gregtam.scanner.SimpleVulnerabilityScanner - bp-activity-filters.php
DEBUG [05-06-2012 23:07:48.791] com.gregtam.scanner.SimpleVulnerabilityScanner - bp-activity-functions.php
DEBUG [05-06-2012 23:07:48.791] com.gregtam.scanner.SimpleVulnerabilityScanner - bp-activity-loader.php
DEBUG [05-06-2012 23:07:48.792] com.gregtam.scanner.SimpleVulnerabilityScanner - bp-activity-notifications.php
DEBUG [05-06-2012 23:07:48.792] com.gregtam.scanner.SimpleVulnerabilityScanner - bp-activity-screens.php
DEBUG [05-06-2012 23:07:48.792] com.gregtam.scanner.SimpleVulnerabilityScanner - bp-activity-template.php
DEBUG [05-06-2012 23:07:48.793] com.gregtam.scanner.SimpleVulnerabilityScanner - bp-activity-favorites-feed.php
DEBUG [05-06-2012 23:07:48.793] com.gregtam.scanner.SimpleVulnerabilityScanner - bp-activity-friends-feed.php
DEBUG [05-06-2012 23:07:48.793] com.gregtam.scanner.SimpleVulnerabilityScanner - bp-activity-group-feed.php
DEBUG [05-06-2012 23:07:48.793] com.gregtam.scanner.SimpleVulnerabilityScanner - bp-activity-mentions-feed.php
DEBUG [05-06-2012 23:07:48.793] com.gregtam.scanner.SimpleVulnerabilityScanner - bp-activity-mygroups-feed.php
DEBUG [05-06-2012 23:07:48.793] com.gregtam.scanner.SimpleVulnerabilityScanner - bp-activity-personal-feed.php
DEBUG [05-06-2012 23:07:48.794] com.gregtam.scanner.SimpleVulnerabilityScanner - bp-activity-sitewide-feed.php
DEBUG [05-06-2012 23:07:48.794] com.gregtam.scanner.SimpleVulnerabilityScanner - bp-blogs-actions.php
DEBUG [05-06-2012 23:07:48.794] com.gregtam.scanner.SimpleVulnerabilityScanner - bp-blogs-activity.php
DEBUG [05-06-2012 23:07:48.795] com.gregtam.scanner.SimpleVulnerabilityScanner - bp-blogs-buddybar.php
DEBUG [05-06-2012 23:07:48.795] com.gregtam.scanner.SimpleVulnerabilityScanner - bp-blogs-cache.php
DEBUG [05-06-2012 23:07:48.795] com.gregtam.scanner.SimpleVulnerabilityScanner - bp-blogs-classes.php
DEBUG [05-06-2012 23:07:48.795] com.gregtam.scanner.SimpleVulnerabilityScanner - bp-blogs-functions.php
DEBUG [05-06-2012 23:07:48.796] com.gregtam.scanner.SimpleVulnerabilityScanner - bp-blogs-loader.php
DEBUG [05-06-2012 23:07:48.796] com.gregtam.scanner.SimpleVulnerabilityScanner - bp-blogs-screens.php
DEBUG [05-06-2012 23:07:48.796] com.gregtam.scanner.SimpleVulnerabilityScanner - bp-blogs-template.php
DEBUG [05-06-2012 23:07:48.796] com.gregtam.scanner.SimpleVulnerabilityScanner - bp-blogs-widgets.php
DEBUG [05-06-2012 23:07:48.796] com.gregtam.scanner.SimpleVulnerabilityScanner - bp-core-admin.php
DEBUG [05-06-2012 23:07:48.797] com.gregtam.scanner.SimpleVulnerabilityScanner - bp-core-schema.php
DEBUG [05-06-2012 23:07:48.797] com.gregtam.scanner.SimpleVulnerabilityScanner - bp-core-update.php
DEBUG [05-06-2012 23:07:48.797] com.gregtam.scanner.SimpleVulnerabilityScanner - bp-core-adminbar.php
DEBUG [05-06-2012 23:07:48.797] com.gregtam.scanner.SimpleVulnerabilityScanner - bp-core-avatars.php
DEBUG [05-06-2012 23:07:48.797] com.gregtam.scanner.SimpleVulnerabilityScanner - bp-core-buddybar.php
DEBUG [05-06-2012 23:07:48.797] com.gregtam.scanner.SimpleVulnerabilityScanner - bp-core-cache.php
DEBUG [05-06-2012 23:07:48.798] com.gregtam.scanner.SimpleVulnerabilityScanner - bp-core-catchuri.php
DEBUG [05-06-2012 23:07:48.798] com.gregtam.scanner.SimpleVulnerabilityScanner - bp-core-classes.php
DEBUG [05-06-2012 23:07:48.798] com.gregtam.scanner.SimpleVulnerabilityScanner - bp-core-component.php
DEBUG [05-06-2012 23:07:48.798] com.gregtam.scanner.SimpleVulnerabilityScanner - bp-core-cssjs.php
DEBUG [05-06-2012 23:07:48.798] com.gregtam.scanner.SimpleVulnerabilityScanner - bp-core-filters.php
DEBUG [05-06-2012 23:07:48.799] com.gregtam.scanner.SimpleVulnerabilityScanner - bp-core-functions.php
DEBUG [05-06-2012 23:07:48.799] com.gregtam.scanner.SimpleVulnerabilityScanner - bp-core-hooks.php
DEBUG [05-06-2012 23:07:48.799] com.gregtam.scanner.SimpleVulnerabilityScanner - bp-core-loader.php
DEBUG [05-06-2012 23:07:48.799] com.gregtam.scanner.SimpleVulnerabilityScanner - bp-core-template.php
DEBUG [05-06-2012 23:07:48.799] com.gregtam.scanner.SimpleVulnerabilityScanner - bp-core-widgets.php
DEBUG [05-06-2012 23:07:48.799] com.gregtam.scanner.SimpleVulnerabilityScanner - bp-core-wpabstraction.php
DEBUG [05-06-2012 23:07:48.800] com.gregtam.scanner.SimpleVulnerabilityScanner - 1.5.php
DEBUG [05-06-2012 23:07:48.800] com.gregtam.scanner.SimpleVulnerabilityScanner - bb-config.php
DEBUG [05-06-2012 23:07:48.800] com.gregtam.scanner.SimpleVulnerabilityScanner - admin-action.php
DEBUG [05-06-2012 23:07:48.800] com.gregtam.scanner.SimpleVulnerabilityScanner - admin-ajax.php
DEBUG [05-06-2012 23:07:48.800] com.gregtam.scanner.SimpleVulnerabilityScanner - admin-base.php
DEBUG [05-06-2012 23:07:48.800] com.gregtam.scanner.SimpleVulnerabilityScanner - admin-footer.php
DEBUG [05-06-2012 23:07:48.801] com.gregtam.scanner.SimpleVulnerabilityScanner - admin-header.php
DEBUG [05-06-2012 23:07:48.801] com.gregtam.scanner.SimpleVulnerabilityScanner - admin.php
DEBUG [05-06-2012 23:07:48.801] com.gregtam.scanner.SimpleVulnerabilityScanner - bb-forum.php
DEBUG [05-06-2012 23:07:48.801] com.gregtam.scanner.SimpleVulnerabilityScanner - delete-post.php
DEBUG [05-06-2012 23:07:48.801] com.gregtam.scanner.SimpleVulnerabilityScanner - delete-topic.php
DEBUG [05-06-2012 23:07:48.801] com.gregtam.scanner.SimpleVulnerabilityScanner - export.php
DEBUG [05-06-2012 23:07:48.802] com.gregtam.scanner.SimpleVulnerabilityScanner - forums.php
DEBUG [05-06-2012 23:07:48.802] com.gregtam.scanner.SimpleVulnerabilityScanner - class.bb-install.php
DEBUG [05-06-2012 23:07:48.802] com.gregtam.scanner.SimpleVulnerabilityScanner - defaults.bb-htaccess.php
DEBUG [05-06-2012 23:07:48.806] com.gregtam.scanner.SimpleVulnerabilityScanner - defaults.bb-schema.php
DEBUG [05-06-2012 23:07:48.807] com.gregtam.scanner.SimpleVulnerabilityScanner - functions.bb-admin.php
DEBUG [05-06-2012 23:07:48.807] com.gregtam.scanner.SimpleVulnerabilityScanner - functions.bb-plugin.php
DEBUG [05-06-2012 23:07:48.807] com.gregtam.scanner.SimpleVulnerabilityScanner - functions.bb-recount.php
DEBUG [05-06-2012 23:07:48.807] com.gregtam.scanner.SimpleVulnerabilityScanner - functions.bb-upgrade.php
DEBUG [05-06-2012 23:07:48.809] com.gregtam.scanner.SimpleVulnerabilityScanner - index.php
DEBUG [05-06-2012 23:07:48.809] com.gregtam.scanner.SimpleVulnerabilityScanner - install.php
DEBUG [05-06-2012 23:07:48.810] com.gregtam.scanner.SimpleVulnerabilityScanner - options-discussion.php
DEBUG [05-06-2012 23:07:48.810] com.gregtam.scanner.SimpleVulnerabilityScanner - options-general.php
DEBUG [05-06-2012 23:07:48.810] com.gregtam.scanner.SimpleVulnerabilityScanner - options-permalinks.php
DEBUG [05-06-2012 23:07:48.811] com.gregtam.scanner.SimpleVulnerabilityScanner - options-reading.php
DEBUG [05-06-2012 23:07:48.811] com.gregtam.scanner.SimpleVulnerabilityScanner - options-wordpress.php
DEBUG [05-06-2012 23:07:48.811] com.gregtam.scanner.SimpleVulnerabilityScanner - options-writing.php
DEBUG [05-06-2012 23:07:48.812] com.gregtam.scanner.SimpleVulnerabilityScanner - plugins.php
DEBUG [05-06-2012 23:07:48.812] com.gregtam.scanner.SimpleVulnerabilityScanner - posts.php
DEBUG [05-06-2012 23:07:48.812] com.gregtam.scanner.SimpleVulnerabilityScanner - rewrite-rules.php
DEBUG [05-06-2012 23:07:48.813] com.gregtam.scanner.SimpleVulnerabilityScanner - sticky.php
DEBUG [05-06-2012 23:07:48.813] com.gregtam.scanner.SimpleVulnerabilityScanner - tag-destroy.php
DEBUG [05-06-2012 23:07:48.813] com.gregtam.scanner.SimpleVulnerabilityScanner - tag-merge.php
DEBUG [05-06-2012 23:07:48.814] com.gregtam.scanner.SimpleVulnerabilityScanner - tag-rename.php
DEBUG [05-06-2012 23:07:48.814] com.gregtam.scanner.SimpleVulnerabilityScanner - themes.php
DEBUG [05-06-2012 23:07:48.814] com.gregtam.scanner.SimpleVulnerabilityScanner - tools-recount.php
DEBUG [05-06-2012 23:07:48.815] com.gregtam.scanner.SimpleVulnerabilityScanner - topic-move.php
DEBUG [05-06-2012 23:07:48.815] com.gregtam.scanner.SimpleVulnerabilityScanner - topic-toggle.php
DEBUG [05-06-2012 23:07:48.815] com.gregtam.scanner.SimpleVulnerabilityScanner - topics.php
DEBUG [05-06-2012 23:07:48.815] com.gregtam.scanner.SimpleVulnerabilityScanner - upgrade.php
DEBUG [05-06-2012 23:07:48.816] com.gregtam.scanner.SimpleVulnerabilityScanner - user-add-new.php
DEBUG [05-06-2012 23:07:48.816] com.gregtam.scanner.SimpleVulnerabilityScanner - users.php
DEBUG [05-06-2012 23:07:48.816] com.gregtam.scanner.SimpleVulnerabilityScanner - bb-config-sample.php
DEBUG [05-06-2012 23:07:48.817] com.gregtam.scanner.SimpleVulnerabilityScanner - bb-cron.php
DEBUG [05-06-2012 23:07:48.817] com.gregtam.scanner.SimpleVulnerabilityScanner - bb-edit.php
DEBUG [05-06-2012 23:07:48.817] com.gregtam.scanner.SimpleVulnerabilityScanner - action.subscribe.php
DEBUG [05-06-2012 23:07:48.818] com.gregtam.scanner.SimpleVulnerabilityScanner - class.bp-log.php
DEBUG [05-06-2012 23:07:48.818] com.gregtam.scanner.SimpleVulnerabilityScanner - class.bp-roles.php
DEBUG [05-06-2012 23:07:48.818] com.gregtam.scanner.SimpleVulnerabilityScanner - class.bp-sql-schema-parser.php
DEBUG [05-06-2012 23:07:48.819] com.gregtam.scanner.SimpleVulnerabilityScanner - class.bp-user.php
DEBUG [05-06-2012 23:07:48.819] com.gregtam.scanner.SimpleVulnerabilityScanner - class.bpdb-multi.php
DEBUG [05-06-2012 23:07:48.819] com.gregtam.scanner.SimpleVulnerabilityScanner - class.bpdb.php
DEBUG [05-06-2012 23:07:48.820] com.gregtam.scanner.SimpleVulnerabilityScanner - class.ixr.php
DEBUG [05-06-2012 23:07:48.820] com.gregtam.scanner.SimpleVulnerabilityScanner - class.mailer-smtp.php
DEBUG [05-06-2012 23:07:48.820] com.gregtam.scanner.SimpleVulnerabilityScanner - class.mailer.php
DEBUG [05-06-2012 23:07:48.821] com.gregtam.scanner.SimpleVulnerabilityScanner - class.passwordhash.php
DEBUG [05-06-2012 23:07:48.821] com.gregtam.scanner.SimpleVulnerabilityScanner - class.wp-ajax-response.php
DEBUG [05-06-2012 23:07:48.821] com.gregtam.scanner.SimpleVulnerabilityScanner - class.wp-auth.php
DEBUG [05-06-2012 23:07:48.821] com.gregtam.scanner.SimpleVulnerabilityScanner - class.wp-dependencies.php
DEBUG [05-06-2012 23:07:48.822] com.gregtam.scanner.SimpleVulnerabilityScanner - class.wp-error.php
DEBUG [05-06-2012 23:07:48.822] com.gregtam.scanner.SimpleVulnerabilityScanner - class.wp-http-ixr-client.php
DEBUG [05-06-2012 23:07:48.822] com.gregtam.scanner.SimpleVulnerabilityScanner - class.wp-http.php
DEBUG [05-06-2012 23:07:48.823] com.gregtam.scanner.SimpleVulnerabilityScanner - class.wp-object-cache-memcached.php
DEBUG [05-06-2012 23:07:48.823] com.gregtam.scanner.SimpleVulnerabilityScanner - class.wp-object-cache.php
DEBUG [05-06-2012 23:07:48.823] com.gregtam.scanner.SimpleVulnerabilityScanner - class.wp-pass.php
DEBUG [05-06-2012 23:07:48.824] com.gregtam.scanner.SimpleVulnerabilityScanner - class.wp-scripts.php
DEBUG [05-06-2012 23:07:48.824] com.gregtam.scanner.SimpleVulnerabilityScanner - class.wp-styles.php
DEBUG [05-06-2012 23:07:48.824] com.gregtam.scanner.SimpleVulnerabilityScanner - class.wp-taxonomy.php
DEBUG [05-06-2012 23:07:48.825] com.gregtam.scanner.SimpleVulnerabilityScanner - class.wp-users.php
DEBUG [05-06-2012 23:07:48.825] com.gregtam.scanner.SimpleVulnerabilityScanner - functions.bp-options.php
DEBUG [05-06-2012 23:07:48.825] com.gregtam.scanner.SimpleVulnerabilityScanner - functions.compat.php
DEBUG [05-06-2012 23:07:48.825] com.gregtam.scanner.SimpleVulnerabilityScanner - functions.core.php
DEBUG [05-06-2012 23:07:48.825] com.gregtam.scanner.SimpleVulnerabilityScanner - functions.formatting.php
DEBUG [05-06-2012 23:07:48.825] com.gregtam.scanner.SimpleVulnerabilityScanner - functions.kses.php
DEBUG [05-06-2012 23:07:48.825] com.gregtam.scanner.SimpleVulnerabilityScanner - functions.plugin-api.php
DEBUG [05-06-2012 23:07:48.826] com.gregtam.scanner.SimpleVulnerabilityScanner - functions.shortcodes.php
DEBUG [05-06-2012 23:07:48.826] com.gregtam.scanner.SimpleVulnerabilityScanner - functions.wp-cron.php
DEBUG [05-06-2012 23:07:48.826] com.gregtam.scanner.SimpleVulnerabilityScanner - functions.wp-object-cache.php
DEBUG [05-06-2012 23:07:48.826] com.gregtam.scanner.SimpleVulnerabilityScanner - functions.wp-scripts.php
DEBUG [05-06-2012 23:07:48.826] com.gregtam.scanner.SimpleVulnerabilityScanner - functions.wp-styles.php
DEBUG [05-06-2012 23:07:48.826] com.gregtam.scanner.SimpleVulnerabilityScanner - functions.wp-taxonomy.php
DEBUG [05-06-2012 23:07:48.826] com.gregtam.scanner.SimpleVulnerabilityScanner - interface.bp-options.php
DEBUG [05-06-2012 23:07:48.826] com.gregtam.scanner.SimpleVulnerabilityScanner - loader.wp-object-cache-memcached.php
DEBUG [05-06-2012 23:07:48.826] com.gregtam.scanner.SimpleVulnerabilityScanner - loader.wp-object-cache.php
DEBUG [05-06-2012 23:07:48.827] com.gregtam.scanner.SimpleVulnerabilityScanner - entry.php
DEBUG [05-06-2012 23:07:48.827] com.gregtam.scanner.SimpleVulnerabilityScanner - mo.php
DEBUG [05-06-2012 23:07:48.827] com.gregtam.scanner.SimpleVulnerabilityScanner - po.php
DEBUG [05-06-2012 23:07:48.827] com.gregtam.scanner.SimpleVulnerabilityScanner - app.php
DEBUG [05-06-2012 23:07:48.827] com.gregtam.scanner.SimpleVulnerabilityScanner - streams.php
DEBUG [05-06-2012 23:07:48.827] com.gregtam.scanner.SimpleVulnerabilityScanner - translations.php
DEBUG [05-06-2012 23:07:48.827] com.gregtam.scanner.SimpleVulnerabilityScanner - class.bb-dir-map.php
DEBUG [05-06-2012 23:07:48.827] com.gregtam.scanner.SimpleVulnerabilityScanner - class.bb-locale.php
DEBUG [05-06-2012 23:07:48.827] com.gregtam.scanner.SimpleVulnerabilityScanner - class.bb-pingbacks.php
DEBUG [05-06-2012 23:07:48.828] com.gregtam.scanner.SimpleVulnerabilityScanner - class.bb-query.php
DEBUG [05-06-2012 23:07:48.828] com.gregtam.scanner.SimpleVulnerabilityScanner - class.bb-taxonomy.php
DEBUG [05-06-2012 23:07:48.828] com.gregtam.scanner.SimpleVulnerabilityScanner - class.bb-walker.php
DEBUG [05-06-2012 23:07:48.828] com.gregtam.scanner.SimpleVulnerabilityScanner - class.bp-options.php
DEBUG [05-06-2012 23:07:48.828] com.gregtam.scanner.SimpleVulnerabilityScanner - defaults.bb-filters.php
DEBUG [05-06-2012 23:07:48.828] com.gregtam.scanner.SimpleVulnerabilityScanner - functions.bb-capabilities.php
DEBUG [05-06-2012 23:07:48.828] com.gregtam.scanner.SimpleVulnerabilityScanner - functions.bb-core.php
DEBUG [05-06-2012 23:07:48.828] com.gregtam.scanner.SimpleVulnerabilityScanner - functions.bb-deprecated.php
DEBUG [05-06-2012 23:07:48.828] com.gregtam.scanner.SimpleVulnerabilityScanner - functions.bb-formatting.php
DEBUG [05-06-2012 23:07:48.829] com.gregtam.scanner.SimpleVulnerabilityScanner - functions.bb-forums.php
DEBUG [05-06-2012 23:07:48.829] com.gregtam.scanner.SimpleVulnerabilityScanner - functions.bb-l10n.php
DEBUG [05-06-2012 23:07:48.829] com.gregtam.scanner.SimpleVulnerabilityScanner - functions.bb-meta.php
DEBUG [05-06-2012 23:07:48.829] com.gregtam.scanner.SimpleVulnerabilityScanner - functions.bb-pluggable.php
DEBUG [05-06-2012 23:07:48.830] com.gregtam.scanner.SimpleVulnerabilityScanner - functions.bb-posts.php
DEBUG [05-06-2012 23:07:48.830] com.gregtam.scanner.SimpleVulnerabilityScanner - functions.bb-script-loader.php
DEBUG [05-06-2012 23:07:48.830] com.gregtam.scanner.SimpleVulnerabilityScanner - functions.bb-statistics.php
DEBUG [05-06-2012 23:07:48.830] com.gregtam.scanner.SimpleVulnerabilityScanner - functions.bb-template.php
DEBUG [05-06-2012 23:07:48.830] com.gregtam.scanner.SimpleVulnerabilityScanner - functions.bb-topic-tags.php
DEBUG [05-06-2012 23:07:48.830] com.gregtam.scanner.SimpleVulnerabilityScanner - functions.bb-topics.php
DEBUG [05-06-2012 23:07:48.830] com.gregtam.scanner.SimpleVulnerabilityScanner - functions.bb-users.php
DEBUG [05-06-2012 23:07:48.830] com.gregtam.scanner.SimpleVulnerabilityScanner - bb-load.php
DEBUG [05-06-2012 23:07:48.830] com.gregtam.scanner.SimpleVulnerabilityScanner - bb-login.php
DEBUG [05-06-2012 23:07:48.831] com.gregtam.scanner.SimpleVulnerabilityScanner - akismet.php
DEBUG [05-06-2012 23:07:48.831] com.gregtam.scanner.SimpleVulnerabilityScanner - bozo.php
DEBUG [05-06-2012 23:07:48.831] com.gregtam.scanner.SimpleVulnerabilityScanner - hello.php
DEBUG [05-06-2012 23:07:48.831] com.gregtam.scanner.SimpleVulnerabilityScanner - bb-post.php
DEBUG [05-06-2012 23:07:48.831] com.gregtam.scanner.SimpleVulnerabilityScanner - bb-reset-password.php
DEBUG [05-06-2012 23:07:48.831] com.gregtam.scanner.SimpleVulnerabilityScanner - bb-settings.php
DEBUG [05-06-2012 23:07:48.831] com.gregtam.scanner.SimpleVulnerabilityScanner - 404.php
DEBUG [05-06-2012 23:07:48.831] com.gregtam.scanner.SimpleVulnerabilityScanner - edit-form.php
DEBUG [05-06-2012 23:07:48.831] com.gregtam.scanner.SimpleVulnerabilityScanner - edit-post.php
DEBUG [05-06-2012 23:07:48.832] com.gregtam.scanner.SimpleVulnerabilityScanner - favorites.php
DEBUG [05-06-2012 23:07:48.832] com.gregtam.scanner.SimpleVulnerabilityScanner - footer.php
DEBUG [05-06-2012 23:07:48.832] com.gregtam.scanner.SimpleVulnerabilityScanner - forum.php
DEBUG [05-06-2012 23:07:48.832] com.gregtam.scanner.SimpleVulnerabilityScanner - front-page.php
DEBUG [05-06-2012 23:07:48.832] com.gregtam.scanner.SimpleVulnerabilityScanner - functions.php
DEBUG [05-06-2012 23:07:48.832] com.gregtam.scanner.SimpleVulnerabilityScanner - header.php
DEBUG [05-06-2012 23:07:48.832] com.gregtam.scanner.SimpleVulnerabilityScanner - logged-in.php
DEBUG [05-06-2012 23:07:48.832] com.gregtam.scanner.SimpleVulnerabilityScanner - login-form.php
DEBUG [05-06-2012 23:07:48.833] com.gregtam.scanner.SimpleVulnerabilityScanner - login.php
DEBUG [05-06-2012 23:07:48.833] com.gregtam.scanner.SimpleVulnerabilityScanner - password-reset.php
DEBUG [05-06-2012 23:07:48.833] com.gregtam.scanner.SimpleVulnerabilityScanner - post-form-anonymous.php
DEBUG [05-06-2012 23:07:48.833] com.gregtam.scanner.SimpleVulnerabilityScanner - post-form.php
DEBUG [05-06-2012 23:07:48.833] com.gregtam.scanner.SimpleVulnerabilityScanner - post.php
DEBUG [05-06-2012 23:07:48.833] com.gregtam.scanner.SimpleVulnerabilityScanner - profile-base.php
DEBUG [05-06-2012 23:07:48.833] com.gregtam.scanner.SimpleVulnerabilityScanner - profile-edit.php
DEBUG [05-06-2012 23:07:48.833] com.gregtam.scanner.SimpleVulnerabilityScanner - profile.php
DEBUG [05-06-2012 23:07:48.833] com.gregtam.scanner.SimpleVulnerabilityScanner - register-success.php
DEBUG [05-06-2012 23:07:48.834] com.gregtam.scanner.SimpleVulnerabilityScanner - register.php
DEBUG [05-06-2012 23:07:48.834] com.gregtam.scanner.SimpleVulnerabilityScanner - rss2.php
DEBUG [05-06-2012 23:07:48.834] com.gregtam.scanner.SimpleVulnerabilityScanner - search-form.php
DEBUG [05-06-2012 23:07:48.834] com.gregtam.scanner.SimpleVulnerabilityScanner - search.php
DEBUG [05-06-2012 23:07:48.834] com.gregtam.scanner.SimpleVulnerabilityScanner - stats.php
DEBUG [05-06-2012 23:07:48.834] com.gregtam.scanner.SimpleVulnerabilityScanner - tag-single.php
DEBUG [05-06-2012 23:07:48.834] com.gregtam.scanner.SimpleVulnerabilityScanner - tags.php
DEBUG [05-06-2012 23:07:48.834] com.gregtam.scanner.SimpleVulnerabilityScanner - topic-tags.php
DEBUG [05-06-2012 23:07:48.834] com.gregtam.scanner.SimpleVulnerabilityScanner - topic.php
DEBUG [05-06-2012 23:07:48.835] com.gregtam.scanner.SimpleVulnerabilityScanner - view.php
DEBUG [05-06-2012 23:07:48.835] com.gregtam.scanner.SimpleVulnerabilityScanner - functions.php
DEBUG [05-06-2012 23:07:48.835] com.gregtam.scanner.SimpleVulnerabilityScanner - edit.php
DEBUG [05-06-2012 23:07:48.835] com.gregtam.scanner.SimpleVulnerabilityScanner - favorites.php
DEBUG [05-06-2012 23:07:48.835] com.gregtam.scanner.SimpleVulnerabilityScanner - forum.php
DEBUG [05-06-2012 23:07:48.835] com.gregtam.scanner.SimpleVulnerabilityScanner - index.php
DEBUG [05-06-2012 23:07:48.835] com.gregtam.scanner.SimpleVulnerabilityScanner - page.php
DEBUG [05-06-2012 23:07:48.835] com.gregtam.scanner.SimpleVulnerabilityScanner - profile-base.php
DEBUG [05-06-2012 23:07:48.835] com.gregtam.scanner.SimpleVulnerabilityScanner - profile-edit.php
DEBUG [05-06-2012 23:07:48.836] com.gregtam.scanner.SimpleVulnerabilityScanner - profile.php
DEBUG [05-06-2012 23:07:48.836] com.gregtam.scanner.SimpleVulnerabilityScanner - register.php
DEBUG [05-06-2012 23:07:48.836] com.gregtam.scanner.SimpleVulnerabilityScanner - rss.php
DEBUG [05-06-2012 23:07:48.836] com.gregtam.scanner.SimpleVulnerabilityScanner - search.php
DEBUG [05-06-2012 23:07:48.836] com.gregtam.scanner.SimpleVulnerabilityScanner - statistics.php
DEBUG [05-06-2012 23:07:48.836] com.gregtam.scanner.SimpleVulnerabilityScanner - tag-add.php
DEBUG [05-06-2012 23:07:48.836] com.gregtam.scanner.SimpleVulnerabilityScanner - tag-remove.php
DEBUG [05-06-2012 23:07:48.836] com.gregtam.scanner.SimpleVulnerabilityScanner - tags.php
DEBUG [05-06-2012 23:07:48.836] com.gregtam.scanner.SimpleVulnerabilityScanner - topic.php
DEBUG [05-06-2012 23:07:48.837] com.gregtam.scanner.SimpleVulnerabilityScanner - view.php
DEBUG [05-06-2012 23:07:48.837] com.gregtam.scanner.SimpleVulnerabilityScanner - xmlrpc.php
DEBUG [05-06-2012 23:07:48.837] com.gregtam.scanner.SimpleVulnerabilityScanner - bp-forums-actions.php
DEBUG [05-06-2012 23:07:48.837] com.gregtam.scanner.SimpleVulnerabilityScanner - bp-forums-admin.php
DEBUG [05-06-2012 23:07:48.837] com.gregtam.scanner.SimpleVulnerabilityScanner - bp-forums-bbpress-sa.php
DEBUG [05-06-2012 23:07:48.837] com.gregtam.scanner.SimpleVulnerabilityScanner - bp-forums-bbpress.php
DEBUG [05-06-2012 23:07:48.837] com.gregtam.scanner.SimpleVulnerabilityScanner - bp-forums-filters.php
DEBUG [05-06-2012 23:07:48.837] com.gregtam.scanner.SimpleVulnerabilityScanner - bp-forums-functions.php
DEBUG [05-06-2012 23:07:48.837] com.gregtam.scanner.SimpleVulnerabilityScanner - bp-forums-loader.php
DEBUG [05-06-2012 23:07:48.838] com.gregtam.scanner.SimpleVulnerabilityScanner - bp-forums-screens.php
DEBUG [05-06-2012 23:07:48.838] com.gregtam.scanner.SimpleVulnerabilityScanner - bp-forums-template.php
DEBUG [05-06-2012 23:07:48.838] com.gregtam.scanner.SimpleVulnerabilityScanner - bp-friends-actions.php
DEBUG [05-06-2012 23:07:48.838] com.gregtam.scanner.SimpleVulnerabilityScanner - bp-friends-activity.php
DEBUG [05-06-2012 23:07:48.838] com.gregtam.scanner.SimpleVulnerabilityScanner - bp-friends-cache.php
DEBUG [05-06-2012 23:07:48.838] com.gregtam.scanner.SimpleVulnerabilityScanner - bp-friends-classes.php
DEBUG [05-06-2012 23:07:48.840] com.gregtam.scanner.SimpleVulnerabilityScanner - bp-friends-functions.php
DEBUG [05-06-2012 23:07:48.842] com.gregtam.scanner.SimpleVulnerabilityScanner - bp-friends-loader.php
DEBUG [05-06-2012 23:07:48.844] com.gregtam.scanner.SimpleVulnerabilityScanner - bp-friends-notifications.php
DEBUG [05-06-2012 23:07:48.844] com.gregtam.scanner.SimpleVulnerabilityScanner - bp-friends-screens.php
DEBUG [05-06-2012 23:07:48.844] com.gregtam.scanner.SimpleVulnerabilityScanner - bp-friends-template.php
DEBUG [05-06-2012 23:07:48.844] com.gregtam.scanner.SimpleVulnerabilityScanner - bp-groups-actions.php
DEBUG [05-06-2012 23:07:48.845] com.gregtam.scanner.SimpleVulnerabilityScanner - bp-groups-activity.php
DEBUG [05-06-2012 23:07:48.845] com.gregtam.scanner.SimpleVulnerabilityScanner - bp-groups-adminbar.php
DEBUG [05-06-2012 23:07:48.845] com.gregtam.scanner.SimpleVulnerabilityScanner - bp-groups-buddybar.php
DEBUG [05-06-2012 23:07:48.845] com.gregtam.scanner.SimpleVulnerabilityScanner - bp-groups-cache.php
DEBUG [05-06-2012 23:07:48.846] com.gregtam.scanner.SimpleVulnerabilityScanner - bp-groups-classes.php
DEBUG [05-06-2012 23:07:48.846] com.gregtam.scanner.SimpleVulnerabilityScanner - bp-groups-filters.php
DEBUG [05-06-2012 23:07:48.846] com.gregtam.scanner.SimpleVulnerabilityScanner - bp-groups-forums.php
DEBUG [05-06-2012 23:07:48.847] com.gregtam.scanner.SimpleVulnerabilityScanner - bp-groups-functions.php
DEBUG [05-06-2012 23:07:48.847] com.gregtam.scanner.SimpleVulnerabilityScanner - bp-groups-loader.php
DEBUG [05-06-2012 23:07:48.847] com.gregtam.scanner.SimpleVulnerabilityScanner - bp-groups-notifications.php
DEBUG [05-06-2012 23:07:48.848] com.gregtam.scanner.SimpleVulnerabilityScanner - bp-groups-screens.php
DEBUG [05-06-2012 23:07:48.848] com.gregtam.scanner.SimpleVulnerabilityScanner - bp-groups-template.php
DEBUG [05-06-2012 23:07:48.848] com.gregtam.scanner.SimpleVulnerabilityScanner - bp-groups-widgets.php
DEBUG [05-06-2012 23:07:48.849] com.gregtam.scanner.SimpleVulnerabilityScanner - bp-loader.php
DEBUG [05-06-2012 23:07:48.849] com.gregtam.scanner.SimpleVulnerabilityScanner - bp-members-actions.php
DEBUG [05-06-2012 23:07:48.849] com.gregtam.scanner.SimpleVulnerabilityScanner - bp-members-adminbar.php
DEBUG [05-06-2012 23:07:48.849] com.gregtam.scanner.SimpleVulnerabilityScanner - bp-members-buddybar.php
DEBUG [05-06-2012 23:07:48.850] com.gregtam.scanner.SimpleVulnerabilityScanner - bp-members-filters.php
DEBUG [05-06-2012 23:07:48.850] com.gregtam.scanner.SimpleVulnerabilityScanner - bp-members-functions.php
DEBUG [05-06-2012 23:07:48.850] com.gregtam.scanner.SimpleVulnerabilityScanner - bp-members-loader.php
DEBUG [05-06-2012 23:07:48.851] com.gregtam.scanner.SimpleVulnerabilityScanner - bp-members-notifications.php
DEBUG [05-06-2012 23:07:48.851] com.gregtam.scanner.SimpleVulnerabilityScanner - bp-members-screens.php
DEBUG [05-06-2012 23:07:48.851] com.gregtam.scanner.SimpleVulnerabilityScanner - bp-members-signup.php
DEBUG [05-06-2012 23:07:48.851] com.gregtam.scanner.SimpleVulnerabilityScanner - bp-members-template.php
DEBUG [05-06-2012 23:07:48.852] com.gregtam.scanner.SimpleVulnerabilityScanner - bp-messages-actions.php
DEBUG [05-06-2012 23:07:48.852] com.gregtam.scanner.SimpleVulnerabilityScanner - bp-messages-cache.php
DEBUG [05-06-2012 23:07:48.853] com.gregtam.scanner.SimpleVulnerabilityScanner - bp-messages-classes.php
DEBUG [05-06-2012 23:07:48.853] com.gregtam.scanner.SimpleVulnerabilityScanner - bp-messages-cssjs.php
DEBUG [05-06-2012 23:07:48.854] com.gregtam.scanner.SimpleVulnerabilityScanner - bp-messages-filters.php
DEBUG [05-06-2012 23:07:48.854] com.gregtam.scanner.SimpleVulnerabilityScanner - bp-messages-functions.php
DEBUG [05-06-2012 23:07:48.854] com.gregtam.scanner.SimpleVulnerabilityScanner - bp-messages-loader.php
DEBUG [05-06-2012 23:07:48.855] com.gregtam.scanner.SimpleVulnerabilityScanner - bp-messages-notifications.php
DEBUG [05-06-2012 23:07:48.855] com.gregtam.scanner.SimpleVulnerabilityScanner - bp-messages-screens.php
DEBUG [05-06-2012 23:07:48.855] com.gregtam.scanner.SimpleVulnerabilityScanner - bp-messages-template.php
DEBUG [05-06-2012 23:07:48.856] com.gregtam.scanner.SimpleVulnerabilityScanner - bp-settings-actions.php
DEBUG [05-06-2012 23:07:48.856] com.gregtam.scanner.SimpleVulnerabilityScanner - bp-settings-functions.php
DEBUG [05-06-2012 23:07:48.857] com.gregtam.scanner.SimpleVulnerabilityScanner - bp-settings-loader.php
DEBUG [05-06-2012 23:07:48.857] com.gregtam.scanner.SimpleVulnerabilityScanner - bp-settings-screens.php
DEBUG [05-06-2012 23:07:48.857] com.gregtam.scanner.SimpleVulnerabilityScanner - bp-settings-template.php
DEBUG [05-06-2012 23:07:48.857] com.gregtam.scanner.SimpleVulnerabilityScanner - 404.php
DEBUG [05-06-2012 23:07:48.858] com.gregtam.scanner.SimpleVulnerabilityScanner - ajax.php
DEBUG [05-06-2012 23:07:48.858] com.gregtam.scanner.SimpleVulnerabilityScanner - activity-loop.php
DEBUG [05-06-2012 23:07:48.858] com.gregtam.scanner.SimpleVulnerabilityScanner - comment.php
DEBUG [05-06-2012 23:07:48.859] com.gregtam.scanner.SimpleVulnerabilityScanner - entry.php
DEBUG [05-06-2012 23:07:48.859] com.gregtam.scanner.SimpleVulnerabilityScanner - index.php
DEBUG [05-06-2012 23:07:48.859] com.gregtam.scanner.SimpleVulnerabilityScanner - post-form.php
DEBUG [05-06-2012 23:07:48.859] com.gregtam.scanner.SimpleVulnerabilityScanner - archive.php
DEBUG [05-06-2012 23:07:48.859] com.gregtam.scanner.SimpleVulnerabilityScanner - attachment.php
DEBUG [05-06-2012 23:07:48.860] com.gregtam.scanner.SimpleVulnerabilityScanner - blogs-loop.php
DEBUG [05-06-2012 23:07:48.860] com.gregtam.scanner.SimpleVulnerabilityScanner - create.php
DEBUG [05-06-2012 23:07:48.860] com.gregtam.scanner.SimpleVulnerabilityScanner - index.php
DEBUG [05-06-2012 23:07:48.860] com.gregtam.scanner.SimpleVulnerabilityScanner - comments.php
DEBUG [05-06-2012 23:07:48.860] com.gregtam.scanner.SimpleVulnerabilityScanner - footer.php
DEBUG [05-06-2012 23:07:48.860] com.gregtam.scanner.SimpleVulnerabilityScanner - forums-loop.php
DEBUG [05-06-2012 23:07:48.860] com.gregtam.scanner.SimpleVulnerabilityScanner - index.php
DEBUG [05-06-2012 23:07:48.860] com.gregtam.scanner.SimpleVulnerabilityScanner - functions.php
DEBUG [05-06-2012 23:07:48.860] com.gregtam.scanner.SimpleVulnerabilityScanner - create.php
DEBUG [05-06-2012 23:07:48.860] com.gregtam.scanner.SimpleVulnerabilityScanner - groups-loop.php
DEBUG [05-06-2012 23:07:48.861] com.gregtam.scanner.SimpleVulnerabilityScanner - index.php
DEBUG [05-06-2012 23:07:48.861] com.gregtam.scanner.SimpleVulnerabilityScanner - activity.php
DEBUG [05-06-2012 23:07:48.861] com.gregtam.scanner.SimpleVulnerabilityScanner - admin.php
DEBUG [05-06-2012 23:07:48.861] com.gregtam.scanner.SimpleVulnerabilityScanner - edit.php
DEBUG [05-06-2012 23:07:48.861] com.gregtam.scanner.SimpleVulnerabilityScanner - topic.php
DEBUG [05-06-2012 23:07:48.861] com.gregtam.scanner.SimpleVulnerabilityScanner - forum.php
DEBUG [05-06-2012 23:07:48.861] com.gregtam.scanner.SimpleVulnerabilityScanner - group-header.php
DEBUG [05-06-2012 23:07:48.861] com.gregtam.scanner.SimpleVulnerabilityScanner - home.php
DEBUG [05-06-2012 23:07:48.861] com.gregtam.scanner.SimpleVulnerabilityScanner - members.php
DEBUG [05-06-2012 23:07:48.862] com.gregtam.scanner.SimpleVulnerabilityScanner - plugins.php
DEBUG [05-06-2012 23:07:48.862] com.gregtam.scanner.SimpleVulnerabilityScanner - request-membership.php
DEBUG [05-06-2012 23:07:48.862] com.gregtam.scanner.SimpleVulnerabilityScanner - send-invites.php
DEBUG [05-06-2012 23:07:48.862] com.gregtam.scanner.SimpleVulnerabilityScanner - header.php
DEBUG [05-06-2012 23:07:48.862] com.gregtam.scanner.SimpleVulnerabilityScanner - index.php
DEBUG [05-06-2012 23:07:48.862] com.gregtam.scanner.SimpleVulnerabilityScanner - links.php
DEBUG [05-06-2012 23:07:48.862] com.gregtam.scanner.SimpleVulnerabilityScanner - index.php
DEBUG [05-06-2012 23:07:48.862] com.gregtam.scanner.SimpleVulnerabilityScanner - members-loop.php
DEBUG [05-06-2012 23:07:48.862] com.gregtam.scanner.SimpleVulnerabilityScanner - permalink.php
DEBUG [05-06-2012 23:07:48.863] com.gregtam.scanner.SimpleVulnerabilityScanner - activity.php
DEBUG [05-06-2012 23:07:48.863] com.gregtam.scanner.SimpleVulnerabilityScanner - blogs.php
DEBUG [05-06-2012 23:07:48.863] com.gregtam.scanner.SimpleVulnerabilityScanner - topics.php
DEBUG [05-06-2012 23:07:48.863] com.gregtam.scanner.SimpleVulnerabilityScanner - forums.php
DEBUG [05-06-2012 23:07:48.863] com.gregtam.scanner.SimpleVulnerabilityScanner - requests.php
DEBUG [05-06-2012 23:07:48.863] com.gregtam.scanner.SimpleVulnerabilityScanner - friends.php
DEBUG [05-06-2012 23:07:48.863] com.gregtam.scanner.SimpleVulnerabilityScanner - invites.php
DEBUG [05-06-2012 23:07:48.863] com.gregtam.scanner.SimpleVulnerabilityScanner - groups.php
DEBUG [05-06-2012 23:07:48.863] com.gregtam.scanner.SimpleVulnerabilityScanner - home.php
DEBUG [05-06-2012 23:07:48.864] com.gregtam.scanner.SimpleVulnerabilityScanner - member-header.php
DEBUG [05-06-2012 23:07:48.864] com.gregtam.scanner.SimpleVulnerabilityScanner - compose.php
DEBUG [05-06-2012 23:07:48.864] com.gregtam.scanner.SimpleVulnerabilityScanner - messages-loop.php
DEBUG [05-06-2012 23:07:48.867] com.gregtam.scanner.SimpleVulnerabilityScanner - notices-loop.php
DEBUG [05-06-2012 23:07:48.867] com.gregtam.scanner.SimpleVulnerabilityScanner - single.php
DEBUG [05-06-2012 23:07:48.868] com.gregtam.scanner.SimpleVulnerabilityScanner - messages.php
DEBUG [05-06-2012 23:07:48.868] com.gregtam.scanner.SimpleVulnerabilityScanner - plugins.php
DEBUG [05-06-2012 23:07:48.868] com.gregtam.scanner.SimpleVulnerabilityScanner - change-avatar.php
DEBUG [05-06-2012 23:07:48.869] com.gregtam.scanner.SimpleVulnerabilityScanner - edit.php
DEBUG [05-06-2012 23:07:48.869] com.gregtam.scanner.SimpleVulnerabilityScanner - profile-loop.php
DEBUG [05-06-2012 23:07:48.869] com.gregtam.scanner.SimpleVulnerabilityScanner - profile-wp.php
DEBUG [05-06-2012 23:07:48.869] com.gregtam.scanner.SimpleVulnerabilityScanner - profile.php
DEBUG [05-06-2012 23:07:48.870] com.gregtam.scanner.SimpleVulnerabilityScanner - delete-account.php
DEBUG [05-06-2012 23:07:48.870] com.gregtam.scanner.SimpleVulnerabilityScanner - general.php
DEBUG [05-06-2012 23:07:48.870] com.gregtam.scanner.SimpleVulnerabilityScanner - notifications.php
DEBUG [05-06-2012 23:07:48.871] com.gregtam.scanner.SimpleVulnerabilityScanner - settings.php
DEBUG [05-06-2012 23:07:48.871] com.gregtam.scanner.SimpleVulnerabilityScanner - onecolumn-page.php
DEBUG [05-06-2012 23:07:48.872] com.gregtam.scanner.SimpleVulnerabilityScanner - page.php
DEBUG [05-06-2012 23:07:48.872] com.gregtam.scanner.SimpleVulnerabilityScanner - activate.php
DEBUG [05-06-2012 23:07:48.872] com.gregtam.scanner.SimpleVulnerabilityScanner - register.php
DEBUG [05-06-2012 23:07:48.872] com.gregtam.scanner.SimpleVulnerabilityScanner - search.php
DEBUG [05-06-2012 23:07:48.872] com.gregtam.scanner.SimpleVulnerabilityScanner - searchform.php
DEBUG [05-06-2012 23:07:48.873] com.gregtam.scanner.SimpleVulnerabilityScanner - sidebar-footer.php
DEBUG [05-06-2012 23:07:48.873] com.gregtam.scanner.SimpleVulnerabilityScanner - sidebar.php
DEBUG [05-06-2012 23:07:48.873] com.gregtam.scanner.SimpleVulnerabilityScanner - single.php
DEBUG [05-06-2012 23:07:48.873] com.gregtam.scanner.SimpleVulnerabilityScanner - bp-xprofile-actions.php
DEBUG [05-06-2012 23:07:48.873] com.gregtam.scanner.SimpleVulnerabilityScanner - bp-xprofile-activity.php
DEBUG [05-06-2012 23:07:48.873] com.gregtam.scanner.SimpleVulnerabilityScanner - bp-xprofile-admin.php
DEBUG [05-06-2012 23:07:48.873] com.gregtam.scanner.SimpleVulnerabilityScanner - bp-xprofile-buddybar.php
DEBUG [05-06-2012 23:07:48.873] com.gregtam.scanner.SimpleVulnerabilityScanner - bp-xprofile-cache.php
DEBUG [05-06-2012 23:07:48.873] com.gregtam.scanner.SimpleVulnerabilityScanner - bp-xprofile-classes.php
DEBUG [05-06-2012 23:07:48.873] com.gregtam.scanner.SimpleVulnerabilityScanner - bp-xprofile-cssjs.php
DEBUG [05-06-2012 23:07:48.874] com.gregtam.scanner.SimpleVulnerabilityScanner - bp-xprofile-filters.php
DEBUG [05-06-2012 23:07:48.874] com.gregtam.scanner.SimpleVulnerabilityScanner - bp-xprofile-functions.php
DEBUG [05-06-2012 23:07:48.874] com.gregtam.scanner.SimpleVulnerabilityScanner - bp-xprofile-loader.php
DEBUG [05-06-2012 23:07:48.874] com.gregtam.scanner.SimpleVulnerabilityScanner - bp-xprofile-screens.php
DEBUG [05-06-2012 23:07:48.874] com.gregtam.scanner.SimpleVulnerabilityScanner - bp-xprofile-template.php
DEBUG [05-06-2012 23:07:48.874] com.gregtam.scanner.SimpleVulnerabilityScanner - extracting relationships
DEBUG [05-06-2012 23:07:48.874] com.gregtam.scanner.SimpleVulnerabilityScanner - searching for vulns
DEBUG [05-06-2012 23:07:48.874] com.gregtam.scanner.SimpleVulnerabilityScanner - printing report
DEBUG [05-06-2012 23:34:10.808] com.gregtam.scanner.SimpleVulnerabilityScanner - reading from: /Users/gtam/Documents/development/SimpleVulnScanner/toTest/
DEBUG [05-06-2012 23:34:10.865] com.gregtam.scanner.SimpleVulnerabilityScanner - found 355 files to process
DEBUG [05-06-2012 23:34:10.865] com.gregtam.scanner.SimpleVulnerabilityScanner - extracting relationships
DEBUG [05-06-2012 23:34:10.866] com.gregtam.scanner.SimpleVulnerabilityScanner - searching for vulns
DEBUG [05-06-2012 23:34:10.866] com.gregtam.scanner.SimpleVulnerabilityScanner - printing report
DEBUG [05-06-2012 23:35:13.479] com.gregtam.scanner.SimpleVulnerabilityScanner - reading from: /Users/gtam/Documents/development/SimpleVulnScanner/toTest/
DEBUG [05-06-2012 23:35:13.532] com.gregtam.scanner.SimpleVulnerabilityScanner - found 355 files to process
DEBUG [05-06-2012 23:35:13.533] com.gregtam.scanner.SimpleVulnerabilityScanner - extracting relationships
DEBUG [05-06-2012 23:35:13.533] com.gregtam.scanner.SimpleVulnerabilityScanner - searching for vulns
DEBUG [05-06-2012 23:35:13.533] com.gregtam.scanner.SimpleVulnerabilityScanner - printing report
